[debug] [2022-10-19T11:57:00.891Z] ----------------------------------------------------------------------
[debug] [2022-10-19T11:57:00.898Z] Command:       C:\Program Files\nodejs\node.exe C:\Users\Ahmed Raza\AppData\Roaming\npm\node_modules\firebase-tools\lib\bin\firebase.js init
[debug] [2022-10-19T11:57:00.899Z] CLI Version:   11.13.0
[debug] [2022-10-19T11:57:00.900Z] Platform:      win32
[debug] [2022-10-19T11:57:00.900Z] Node Version:  v16.17.0
[debug] [2022-10-19T11:57:00.902Z] Time:          Wed Oct 19 2022 16:57:00 GMT+0500 (Pakistan Standard Time)
[debug] [2022-10-19T11:57:00.902Z] ----------------------------------------------------------------------
[debug] 
[debug] [2022-10-19T11:57:01.077Z] > command requires scopes: ["email","openid","https://www.googleapis.com/auth/cloudplatformprojects.readonly","https://www.googleapis.com/auth/firebase","https://www.googleapis.com/auth/cloud-platform"]
[debug] [2022-10-19T11:57:01.078Z] > authorizing via signed-in user (ahmedrazachandioofical@gmail.com)
[info] 
     ######## #### ########  ######## ########     ###     ######  ########
     ##        ##  ##     ## ##       ##     ##  ##   ##  ##       ##
     ######    ##  ########  ######   ########  #########  ######  ######
     ##        ##  ##    ##  ##       ##     ## ##     ##       ## ##
     ##       #### ##     ## ######## ########  ##     ##  ######  ########

You're about to initialize a Firebase project in this directory:

  C:\Users\Ahmed Raza\Documents\GitHub\React-Counter-App

Before we get started, keep in mind:

  * You are initializing within an existing Firebase project directory

[info] 
=== Project Setup
[info] 
[info] First, let's associate this project directory with a Firebase project.
[info] You can create multiple project aliases by running firebase use --add, 
[info] but for now we'll just set up a default project.
[info] 
[debug] [2022-10-19T11:58:31.193Z] Using project from CLI flag: counterapp-react
[debug] [2022-10-19T11:58:31.199Z] >>> [apiv2][query] GET https://firebase.googleapis.com/v1beta1/projects/counterapp-react [none]
